<?xml version="1.0" encoding="UTF-8"?>
<testng-results skipped="0" failed="0" total="1" passed="1">
  <reporter-output>
  </reporter-output>
  <suite name="Default suite" duration-ms="33200" started-at="2014-05-29T02:14:18Z" finished-at="2014-05-29T02:14:52Z">
    <groups>
    </groups>
    <test name="Default test" duration-ms="33200" started-at="2014-05-29T02:14:18Z" finished-at="2014-05-29T02:14:52Z">
      <class name="com.ma.qa.appium.sessionTest">
        <test-method status="PASS" signature="setUp()[pri:0, instance:com.ma.qa.appium.sessionTest@57690d7a]" name="setUp" is-config="true" duration-ms="15622" started-at="2014-05-29T10:14:18Z" finished-at="2014-05-29T10:14:34Z">
          <reporter-output>
          </reporter-output>
        </test-method> <!-- setUp -->
        <test-method status="PASS" signature="f()[pri:0, instance:com.ma.qa.appium.sessionTest@57690d7a]" name="f" duration-ms="16440" started-at="2014-05-29T10:14:34Z" finished-at="2014-05-29T10:14:50Z">
          <reporter-output>
          </reporter-output>
        </test-method> <!-- f -->
        <test-method status="PASS" signature="afterMethod()[pri:0, instance:com.ma.qa.appium.sessionTest@57690d7a]" name="afterMethod" is-config="true" duration-ms="1119" started-at="2014-05-29T10:14:50Z" finished-at="2014-05-29T10:14:52Z">
          <reporter-output>
          </reporter-output>
        </test-method> <!-- afterMethod -->
      </class> <!-- com.ma.qa.appium.sessionTest -->
    </test> <!-- Default test -->
  </suite> <!-- Default suite -->
</testng-results>
